e:\cisc125\assignment#3\three-card high-card\three-card high-card\debug\vc140.pdb
e:\cisc125\assignment#3\three-card high-card\three-card high-card\debug\vc140.idb
e:\cisc125\assignment#3\three-card high-card\three-card high-card\debug\main.sbr
e:\cisc125\assignment#3\three-card high-card\three-card high-card\debug\cards.sbr
e:\cisc125\assignment#3\three-card high-card\three-card high-card\debug\cards.obj
e:\cisc125\assignment#3\three-card high-card\three-card high-card\debug\main.obj
e:\cisc125\assignment#3\three-card high-card\debug\three-card high-card.ilk
e:\cisc125\assignment#3\three-card high-card\debug\three-card high-card.exe
e:\cisc125\assignment#3\three-card high-card\debug\three-card high-card.pdb
e:\cisc125\assignment#3\three-card high-card\debug\three-card high-card.bsc
d:\cisc125\assignment#3\three-card high-card\three-card high-card\debug\cards.obj
d:\cisc125\assignment#3\three-card high-card\three-card high-card\debug\main.obj
d:\cisc125\assignment#3\three-card high-card\three-card high-card\debug\vc140.idb
d:\cisc125\assignment#3\three-card high-card\three-card high-card\debug\vc140.pdb
d:\cisc125\assignment#3\three-card high-card\three-card high-card\debug\main.sbr
d:\cisc125\assignment#3\three-card high-card\three-card high-card\debug\cards.sbr
d:\cisc125\assignment#3\three-card high-card\debug\three-card high-card.pdb
d:\cisc125\assignment#3\three-card high-card\debug\three-card high-card.exe
d:\cisc125\assignment#3\three-card high-card\debug\three-card high-card.bsc
d:\cisc125\assignment#3\three-card high-card\debug\three-card high-card.ilk
d:\cisc125\assignment#3\three-card high-card\three-card high-card\debug\three-ca.bf10a3e3.tlog\cl.read.1.tlog
d:\cisc125\assignment#3\three-card high-card\three-card high-card\debug\three-ca.bf10a3e3.tlog\cl.write.1.tlog
d:\cisc125\assignment#3\three-card high-card\three-card high-card\debug\three-ca.bf10a3e3.tlog\cl.command.1.tlog
d:\cisc125\assignment#3\three-card high-card\three-card high-card\debug\three-ca.bf10a3e3.tlog\link.read.1.tlog
d:\cisc125\assignment#3\three-card high-card\three-card high-card\debug\three-ca.bf10a3e3.tlog\link.write.1.tlog
d:\cisc125\assignment#3\three-card high-card\three-card high-card\debug\three-ca.bf10a3e3.tlog\link.command.1.tlog
d:\cisc125\assignment#3\three-card high-card\three-card high-card\debug\three-ca.bf10a3e3.tlog\bscmake.read.1.tlog
d:\cisc125\assignment#3\three-card high-card\three-card high-card\debug\three-ca.bf10a3e3.tlog\bscmake.write.1.tlog
d:\cisc125\assignment#3\three-card high-card\three-card high-card\debug\three-ca.bf10a3e3.tlog\bscmake.command.1.tlog
