e:\cs115\realestatedata files\realestatedata files\debug\vc140.pdb
e:\cs115\realestatedata files\realestatedata files\debug\vc140.idb
e:\cs115\realestatedata files\realestatedata files\debug\source.obj
e:\cs115\realestatedata files\debug\realestatedata files.pdb
e:\cs115\realestatedata files\realestatedata files\debug\realesta.b18c37e0.tlog\cl.read.1.tlog
e:\cs115\realestatedata files\realestatedata files\debug\realesta.b18c37e0.tlog\cl.write.1.tlog
e:\cs115\realestatedata files\realestatedata files\debug\realesta.b18c37e0.tlog\cl.command.1.tlog
e:\cs115\realestatedata files\realestatedata files\debug\realesta.b18c37e0.tlog\link.read.1.tlog
e:\cs115\realestatedata files\realestatedata files\debug\realesta.b18c37e0.tlog\link.write.1.tlog
e:\cs115\realestatedata files\realestatedata files\debug\realesta.b18c37e0.tlog\link.command.1.tlog
e:\cs115\realestatedata files\realestatedata files\debug\realesta.b18c37e0.tlog\link.9064-rc.read.1.tlog
e:\cs115\realestatedata files\realestatedata files\debug\realesta.b18c37e0.tlog\link.9064-rc.write.1.tlog
e:\cs115\realestatedata files\realestatedata files\debug\realesta.b18c37e0.tlog\link.9064-cvtres.read.1.tlog
e:\cs115\realestatedata files\realestatedata files\debug\realesta.b18c37e0.tlog\link.9064-cvtres.write.1.tlog
e:\cs115\realestatedata files\realestatedata files\debug\realesta.b18c37e0.tlog\link.9064.read.1.tlog
e:\cs115\realestatedata files\realestatedata files\debug\realesta.b18c37e0.tlog\link.9064.write.1.tlog
e:\cs115\realestatedata files\realestatedata files\debug\realesta.b18c37e0.tlog\link-rc.read.1.tlog
e:\cs115\realestatedata files\realestatedata files\debug\realesta.b18c37e0.tlog\link-rc.write.1.tlog
e:\cs115\realestatedata files\realestatedata files\debug\realesta.b18c37e0.tlog\link-cvtres.read.1.tlog
e:\cs115\realestatedata files\realestatedata files\debug\realesta.b18c37e0.tlog\link-cvtres.write.1.tlog
